{"total": {"lines":{"total":759,"covered":455,"skipped":0,"pct":59.94},"statements":{"total":838,"covered":497,"skipped":0,"pct":59.3},"functions":{"total":122,"covered":34,"skipped":0,"pct":27.86},"branches":{"total":125,"covered":47,"skipped":0,"pct":37.6},"branchesTrue":{"total":0,"covered":0,"skipped":0,"pct":100}}
,"/mnt/c/Users/Admin/Downloads/Projects/seproject/habitat-backend/src/app.ts": {"lines":{"total":53,"covered":51,"skipped":0,"pct":96.22},"functions":{"total":4,"covered":1,"skipped":0,"pct":25},"statements":{"total":56,"covered":51,"skipped":0,"pct":91.07},"branches":{"total":7,"covered":2,"skipped":0,"pct":28.57}}
,"/mnt/c/Users/Admin/Downloads/Projects/seproject/habitat-backend/src/config/db.ts": {"lines":{"total":8,"covered":0,"skipped":0,"pct":0},"functions":{"total":1,"covered":0,"skipped":0,"pct":0},"statements":{"total":8,"covered":0,"skipped":0,"pct":0},"branches":{"total":0,"covered":0,"skipped":0,"pct":100}}
,"/mnt/c/Users/Admin/Downloads/Projects/seproject/habitat-backend/src/config/env.ts": {"lines":{"total":22,"covered":16,"skipped":0,"pct":72.72},"functions":{"total":2,"covered":2,"skipped":0,"pct":100},"statements":{"total":23,"covered":16,"skipped":0,"pct":69.56},"branches":{"total":12,"covered":7,"skipped":0,"pct":58.33}}
,"/mnt/c/Users/Admin/Downloads/Projects/seproject/habitat-backend/src/controllers/amenities.controller.ts": {"lines":{"total":25,"covered":9,"skipped":0,"pct":36},"functions":{"total":5,"covered":2,"skipped":0,"pct":40},"statements":{"total":27,"covered":9,"skipped":0,"pct":33.33},"branches":{"total":2,"covered":0,"skipped":0,"pct":0}}
,"/mnt/c/Users/Admin/Downloads/Projects/seproject/habitat-backend/src/controllers/auth.controller.ts": {"lines":{"total":55,"covered":52,"skipped":0,"pct":94.54},"functions":{"total":5,"covered":5,"skipped":0,"pct":100},"statements":{"total":67,"covered":60,"skipped":0,"pct":89.55},"branches":{"total":23,"covered":11,"skipped":0,"pct":47.82}}
,"/mnt/c/Users/Admin/Downloads/Projects/seproject/habitat-backend/src/controllers/bills.controller.ts": {"lines":{"total":36,"covered":7,"skipped":0,"pct":19.44},"functions":{"total":7,"covered":1,"skipped":0,"pct":14.28},"statements":{"total":38,"covered":7,"skipped":0,"pct":18.42},"branches":{"total":4,"covered":0,"skipped":0,"pct":0}}
,"/mnt/c/Users/Admin/Downloads/Projects/seproject/habitat-backend/src/controllers/bookings.controller.ts": {"lines":{"total":27,"covered":3,"skipped":0,"pct":11.11},"functions":{"total":6,"covered":0,"skipped":0,"pct":0},"statements":{"total":27,"covered":3,"skipped":0,"pct":11.11},"branches":{"total":3,"covered":0,"skipped":0,"pct":0}}
,"/mnt/c/Users/Admin/Downloads/Projects/seproject/habitat-backend/src/controllers/issues.controller.ts": {"lines":{"total":30,"covered":3,"skipped":0,"pct":10},"functions":{"total":5,"covered":0,"skipped":0,"pct":0},"statements":{"total":32,"covered":3,"skipped":0,"pct":9.37},"branches":{"total":5,"covered":0,"skipped":0,"pct":0}}
,"/mnt/c/Users/Admin/Downloads/Projects/seproject/habitat-backend/src/controllers/notices.controller.ts": {"lines":{"total":31,"covered":6,"skipped":0,"pct":19.35},"functions":{"total":5,"covered":0,"skipped":0,"pct":0},"statements":{"total":37,"covered":11,"skipped":0,"pct":29.72},"branches":{"total":9,"covered":0,"skipped":0,"pct":0}}
,"/mnt/c/Users/Admin/Downloads/Projects/seproject/habitat-backend/src/controllers/technicians.controller.ts": {"lines":{"total":27,"covered":8,"skipped":0,"pct":29.62},"functions":{"total":5,"covered":1,"skipped":0,"pct":20},"statements":{"total":29,"covered":8,"skipped":0,"pct":27.58},"branches":{"total":4,"covered":1,"skipped":0,"pct":25}}
,"/mnt/c/Users/Admin/Downloads/Projects/seproject/habitat-backend/src/controllers/users.controller.ts": {"lines":{"total":49,"covered":9,"skipped":0,"pct":18.36},"functions":{"total":5,"covered":0,"skipped":0,"pct":0},"statements":{"total":56,"covered":14,"skipped":0,"pct":25},"branches":{"total":7,"covered":1,"skipped":0,"pct":14.28}}
,"/mnt/c/Users/Admin/Downloads/Projects/seproject/habitat-backend/src/controllers/visitors.controller.ts": {"lines":{"total":32,"covered":8,"skipped":0,"pct":25},"functions":{"total":6,"covered":1,"skipped":0,"pct":16.66},"statements":{"total":35,"covered":8,"skipped":0,"pct":22.85},"branches":{"total":5,"covered":1,"skipped":0,"pct":20}}
,"/mnt/c/Users/Admin/Downloads/Projects/seproject/habitat-backend/src/middlewares/auth.middleware.ts": {"lines":{"total":16,"covered":16,"skipped":0,"pct":100},"functions":{"total":1,"covered":1,"skipped":0,"pct":100},"statements":{"total":21,"covered":20,"skipped":0,"pct":95.23},"branches":{"total":8,"covered":6,"skipped":0,"pct":75}}
,"/mnt/c/Users/Admin/Downloads/Projects/seproject/habitat-backend/src/middlewares/error.middleware.ts": {"lines":{"total":3,"covered":1,"skipped":0,"pct":33.33},"functions":{"total":1,"covered":0,"skipped":0,"pct":0},"statements":{"total":4,"covered":2,"skipped":0,"pct":50},"branches":{"total":4,"covered":0,"skipped":0,"pct":0}}
,"/mnt/c/Users/Admin/Downloads/Projects/seproject/habitat-backend/src/middlewares/role.middleware.ts": {"lines":{"total":8,"covered":8,"skipped":0,"pct":100},"functions":{"total":2,"covered":2,"skipped":0,"pct":100},"statements":{"total":10,"covered":9,"skipped":0,"pct":90},"branches":{"total":2,"covered":1,"skipped":0,"pct":50}}
,"/mnt/c/Users/Admin/Downloads/Projects/seproject/habitat-backend/src/models/amenities.model.ts": {"lines":{"total":3,"covered":3,"skipped":0,"pct":100},"functions":{"total":0,"covered":0,"skipped":0,"pct":100},"statements":{"total":3,"covered":3,"skipped":0,"pct":100},"branches":{"total":0,"covered":0,"skipped":0,"pct":100}}
,"/mnt/c/Users/Admin/Downloads/Projects/seproject/habitat-backend/src/models/bills.model.ts": {"lines":{"total":8,"covered":8,"skipped":0,"pct":100},"functions":{"total":1,"covered":1,"skipped":0,"pct":100},"statements":{"total":8,"covered":8,"skipped":0,"pct":100},"branches":{"total":2,"covered":2,"skipped":0,"pct":100}}
,"/mnt/c/Users/Admin/Downloads/Projects/seproject/habitat-backend/src/models/bookings.model.ts": {"lines":{"total":3,"covered":3,"skipped":0,"pct":100},"functions":{"total":0,"covered":0,"skipped":0,"pct":100},"statements":{"total":3,"covered":3,"skipped":0,"pct":100},"branches":{"total":0,"covered":0,"skipped":0,"pct":100}}
,"/mnt/c/Users/Admin/Downloads/Projects/seproject/habitat-backend/src/models/index.ts": {"lines":{"total":6,"covered":0,"skipped":0,"pct":0},"functions":{"total":6,"covered":0,"skipped":0,"pct":0},"statements":{"total":12,"covered":0,"skipped":0,"pct":0},"branches":{"total":0,"covered":0,"skipped":0,"pct":100}}
,"/mnt/c/Users/Admin/Downloads/Projects/seproject/habitat-backend/src/models/issues.model.ts": {"lines":{"total":3,"covered":3,"skipped":0,"pct":100},"functions":{"total":0,"covered":0,"skipped":0,"pct":100},"statements":{"total":3,"covered":3,"skipped":0,"pct":100},"branches":{"total":0,"covered":0,"skipped":0,"pct":100}}
,"/mnt/c/Users/Admin/Downloads/Projects/seproject/habitat-backend/src/models/notice.model.ts": {"lines":{"total":3,"covered":3,"skipped":0,"pct":100},"functions":{"total":0,"covered":0,"skipped":0,"pct":100},"statements":{"total":3,"covered":3,"skipped":0,"pct":100},"branches":{"total":0,"covered":0,"skipped":0,"pct":100}}
,"/mnt/c/Users/Admin/Downloads/Projects/seproject/habitat-backend/src/models/refreshToken.model.ts": {"lines":{"total":4,"covered":4,"skipped":0,"pct":100},"functions":{"total":0,"covered":0,"skipped":0,"pct":100},"statements":{"total":4,"covered":4,"skipped":0,"pct":100},"branches":{"total":0,"covered":0,"skipped":0,"pct":100}}
,"/mnt/c/Users/Admin/Downloads/Projects/seproject/habitat-backend/src/models/technicians.model.ts": {"lines":{"total":3,"covered":3,"skipped":0,"pct":100},"functions":{"total":0,"covered":0,"skipped":0,"pct":100},"statements":{"total":3,"covered":3,"skipped":0,"pct":100},"branches":{"total":0,"covered":0,"skipped":0,"pct":100}}
,"/mnt/c/Users/Admin/Downloads/Projects/seproject/habitat-backend/src/models/user.model.ts": {"lines":{"total":4,"covered":4,"skipped":0,"pct":100},"functions":{"total":0,"covered":0,"skipped":0,"pct":100},"statements":{"total":4,"covered":4,"skipped":0,"pct":100},"branches":{"total":0,"covered":0,"skipped":0,"pct":100}}
,"/mnt/c/Users/Admin/Downloads/Projects/seproject/habitat-backend/src/models/visitors.model.ts": {"lines":{"total":3,"covered":3,"skipped":0,"pct":100},"functions":{"total":0,"covered":0,"skipped":0,"pct":100},"statements":{"total":3,"covered":3,"skipped":0,"pct":100},"branches":{"total":0,"covered":0,"skipped":0,"pct":100}}
,"/mnt/c/Users/Admin/Downloads/Projects/seproject/habitat-backend/src/routes/amenities.routes.ts": {"lines":{"total":14,"covered":14,"skipped":0,"pct":100},"functions":{"total":0,"covered":0,"skipped":0,"pct":100},"statements":{"total":14,"covered":14,"skipped":0,"pct":100},"branches":{"total":0,"covered":0,"skipped":0,"pct":100}}
,"/mnt/c/Users/Admin/Downloads/Projects/seproject/habitat-backend/src/routes/auth.routes.ts": {"lines":{"total":15,"covered":15,"skipped":0,"pct":100},"functions":{"total":1,"covered":1,"skipped":0,"pct":100},"statements":{"total":16,"covered":16,"skipped":0,"pct":100},"branches":{"total":0,"covered":0,"skipped":0,"pct":100}}
,"/mnt/c/Users/Admin/Downloads/Projects/seproject/habitat-backend/src/routes/bills.routes.ts": {"lines":{"total":17,"covered":17,"skipped":0,"pct":100},"functions":{"total":0,"covered":0,"skipped":0,"pct":100},"statements":{"total":17,"covered":17,"skipped":0,"pct":100},"branches":{"total":0,"covered":0,"skipped":0,"pct":100}}
,"/mnt/c/Users/Admin/Downloads/Projects/seproject/habitat-backend/src/routes/bookings.routes.ts": {"lines":{"total":14,"covered":14,"skipped":0,"pct":100},"functions":{"total":0,"covered":0,"skipped":0,"pct":100},"statements":{"total":14,"covered":14,"skipped":0,"pct":100},"branches":{"total":0,"covered":0,"skipped":0,"pct":100}}
,"/mnt/c/Users/Admin/Downloads/Projects/seproject/habitat-backend/src/routes/index.ts": {"lines":{"total":15,"covered":0,"skipped":0,"pct":0},"functions":{"total":0,"covered":0,"skipped":0,"pct":100},"statements":{"total":15,"covered":0,"skipped":0,"pct":0},"branches":{"total":0,"covered":0,"skipped":0,"pct":100}}
,"/mnt/c/Users/Admin/Downloads/Projects/seproject/habitat-backend/src/routes/issues.routes.ts": {"lines":{"total":13,"covered":13,"skipped":0,"pct":100},"functions":{"total":0,"covered":0,"skipped":0,"pct":100},"statements":{"total":13,"covered":13,"skipped":0,"pct":100},"branches":{"total":0,"covered":0,"skipped":0,"pct":100}}
,"/mnt/c/Users/Admin/Downloads/Projects/seproject/habitat-backend/src/routes/notices.routes.ts": {"lines":{"total":12,"covered":12,"skipped":0,"pct":100},"functions":{"total":0,"covered":0,"skipped":0,"pct":100},"statements":{"total":12,"covered":12,"skipped":0,"pct":100},"branches":{"total":0,"covered":0,"skipped":0,"pct":100}}
,"/mnt/c/Users/Admin/Downloads/Projects/seproject/habitat-backend/src/routes/technicians.routes.ts": {"lines":{"total":14,"covered":14,"skipped":0,"pct":100},"functions":{"total":0,"covered":0,"skipped":0,"pct":100},"statements":{"total":14,"covered":14,"skipped":0,"pct":100},"branches":{"total":0,"covered":0,"skipped":0,"pct":100}}
,"/mnt/c/Users/Admin/Downloads/Projects/seproject/habitat-backend/src/routes/users.routes.ts": {"lines":{"total":17,"covered":14,"skipped":0,"pct":82.35},"functions":{"total":2,"covered":0,"skipped":0,"pct":0},"statements":{"total":17,"covered":14,"skipped":0,"pct":82.35},"branches":{"total":0,"covered":0,"skipped":0,"pct":100}}
,"/mnt/c/Users/Admin/Downloads/Projects/seproject/habitat-backend/src/routes/visitors.routes.ts": {"lines":{"total":16,"covered":16,"skipped":0,"pct":100},"functions":{"total":0,"covered":0,"skipped":0,"pct":100},"statements":{"total":16,"covered":16,"skipped":0,"pct":100},"branches":{"total":0,"covered":0,"skipped":0,"pct":100}}
,"/mnt/c/Users/Admin/Downloads/Projects/seproject/habitat-backend/src/services/amenities.service.ts": {"lines":{"total":7,"covered":4,"skipped":0,"pct":57.14},"functions":{"total":5,"covered":2,"skipped":0,"pct":40},"statements":{"total":7,"covered":4,"skipped":0,"pct":57.14},"branches":{"total":0,"covered":0,"skipped":0,"pct":100}}
,"/mnt/c/Users/Admin/Downloads/Projects/seproject/habitat-backend/src/services/auth.service.ts": {"lines":{"total":52,"covered":49,"skipped":0,"pct":94.23},"functions":{"total":9,"covered":8,"skipped":0,"pct":88.88},"statements":{"total":62,"covered":59,"skipped":0,"pct":95.16},"branches":{"total":11,"covered":9,"skipped":0,"pct":81.81}}
,"/mnt/c/Users/Admin/Downloads/Projects/seproject/habitat-backend/src/services/bills.service.ts": {"lines":{"total":19,"covered":6,"skipped":0,"pct":31.57},"functions":{"total":7,"covered":1,"skipped":0,"pct":14.28},"statements":{"total":24,"covered":6,"skipped":0,"pct":25},"branches":{"total":5,"covered":0,"skipped":0,"pct":0}}
,"/mnt/c/Users/Admin/Downloads/Projects/seproject/habitat-backend/src/services/bookings.service.ts": {"lines":{"total":11,"covered":4,"skipped":0,"pct":36.36},"functions":{"total":6,"covered":0,"skipped":0,"pct":0},"statements":{"total":11,"covered":4,"skipped":0,"pct":36.36},"branches":{"total":0,"covered":0,"skipped":0,"pct":100}}
,"/mnt/c/Users/Admin/Downloads/Projects/seproject/habitat-backend/src/services/issues.service.ts": {"lines":{"total":14,"covered":2,"skipped":0,"pct":14.28},"functions":{"total":5,"covered":0,"skipped":0,"pct":0},"statements":{"total":15,"covered":2,"skipped":0,"pct":13.33},"branches":{"total":1,"covered":0,"skipped":0,"pct":0}}
,"/mnt/c/Users/Admin/Downloads/Projects/seproject/habitat-backend/src/services/notice.service.ts": {"lines":{"total":12,"covered":6,"skipped":0,"pct":50},"functions":{"total":5,"covered":0,"skipped":0,"pct":0},"statements":{"total":17,"covered":11,"skipped":0,"pct":64.7},"branches":{"total":0,"covered":0,"skipped":0,"pct":100}}
,"/mnt/c/Users/Admin/Downloads/Projects/seproject/habitat-backend/src/services/technicians.service.ts": {"lines":{"total":7,"covered":2,"skipped":0,"pct":28.57},"functions":{"total":5,"covered":0,"skipped":0,"pct":0},"statements":{"total":7,"covered":2,"skipped":0,"pct":28.57},"branches":{"total":0,"covered":0,"skipped":0,"pct":100}}
,"/mnt/c/Users/Admin/Downloads/Projects/seproject/habitat-backend/src/services/visitors.service.ts": {"lines":{"total":9,"covered":3,"skipped":0,"pct":33.33},"functions":{"total":6,"covered":1,"skipped":0,"pct":16.66},"statements":{"total":10,"covered":3,"skipped":0,"pct":30},"branches":{"total":2,"covered":0,"skipped":0,"pct":0}}
,"/mnt/c/Users/Admin/Downloads/Projects/seproject/habitat-backend/src/utils/enums.ts": {"lines":{"total":10,"covered":10,"skipped":0,"pct":100},"functions":{"total":2,"covered":2,"skipped":0,"pct":100},"statements":{"total":10,"covered":10,"skipped":0,"pct":100},"branches":{"total":4,"covered":4,"skipped":0,"pct":100}}
,"/mnt/c/Users/Admin/Downloads/Projects/seproject/habitat-backend/src/utils/responses.ts": {"lines":{"total":4,"covered":4,"skipped":0,"pct":100},"functions":{"total":2,"covered":2,"skipped":0,"pct":100},"statements":{"total":6,"covered":6,"skipped":0,"pct":100},"branches":{"total":5,"covered":2,"skipped":0,"pct":40}}
,"/mnt/c/Users/Admin/Downloads/Projects/seproject/habitat-backend/src/utils/validator.ts": {"lines":{"total":5,"covered":5,"skipped":0,"pct":100},"functions":{"total":0,"covered":0,"skipped":0,"pct":100},"statements":{"total":5,"covered":5,"skipped":0,"pct":100},"branches":{"total":0,"covered":0,"skipped":0,"pct":100}}
}
