TN:
SF:src/app.ts
FN:33,createApp
FN:55,(anonymous_2)
FN:56,(anonymous_3)
FN:57,(anonymous_4)
FNF:4
FNH:1
FNDA:2,createApp
FNDA:0,(anonymous_2)
FNDA:0,(anonymous_3)
FNDA:0,(anonymous_4)
DA:1,2
DA:2,2
DA:3,2
DA:4,2
DA:5,2
DA:6,2
DA:7,2
DA:9,2
DA:11,2
DA:12,2
DA:13,2
DA:14,2
DA:15,2
DA:16,2
DA:17,2
DA:18,2
DA:19,2
DA:21,2
DA:22,2
DA:23,2
DA:24,2
DA:25,2
DA:26,2
DA:27,2
DA:28,2
DA:29,2
DA:31,2
DA:33,2
DA:34,2
DA:36,2
DA:38,2
DA:40,2
DA:49,2
DA:50,2
DA:51,2
DA:53,2
DA:55,2
DA:56,2
DA:57,2
DA:58,0
DA:59,0
DA:62,2
DA:63,2
DA:64,2
DA:65,2
DA:66,2
DA:67,2
DA:68,2
DA:69,2
DA:70,2
DA:72,2
DA:74,2
DA:77,2
LF:53
LH:51
BRDA:53,0,0,0
BRDA:53,1,0,2
BRDA:53,1,1,2
BRDA:59,2,0,0
BRDA:59,2,1,0
BRDA:59,3,0,0
BRDA:59,3,1,0
BRF:7
BRH:2
end_of_record
TN:
SF:src/config/db.ts
FN:4,(anonymous_1)
FNF:1
FNH:0
FNDA:0,(anonymous_1)
DA:2,0
DA:4,0
DA:5,0
DA:6,0
DA:7,0
DA:9,0
DA:10,0
DA:14,0
LF:8
LH:0
BRF:0
BRH:0
end_of_record
TN:
SF:src/config/env.ts
FN:5,(anonymous_1)
FN:14,(anonymous_2)
FNF:2
FNH:2
FNDA:4,(anonymous_1)
FNDA:8,(anonymous_2)
DA:1,2
DA:3,2
DA:5,2
DA:6,4
DA:7,4
DA:8,0
DA:9,0
DA:11,4
DA:14,2
DA:15,8
DA:16,8
DA:17,8
DA:18,8
DA:19,0
DA:20,0
DA:22,8
DA:25,2
DA:26,2
DA:27,0
DA:28,0
DA:31,2
DA:41,2
LF:22
LH:16
BRDA:7,0,0,0
BRDA:7,1,0,4
BRDA:7,1,1,4
BRDA:16,2,0,0
BRDA:16,3,0,8
BRDA:16,3,1,8
BRDA:18,4,0,0
BRDA:26,5,0,0
BRDA:26,6,0,2
BRDA:26,6,1,2
BRDA:32,7,0,2
BRDA:32,7,1,0
BRF:12
BRH:7
end_of_record
TN:
SF:src/controllers/amenities.controller.ts
FN:7,(anonymous_0)
FN:17,(anonymous_1)
FN:28,(anonymous_2)
FN:38,(anonymous_3)
FN:49,(anonymous_4)
FNF:5
FNH:2
FNDA:1,(anonymous_0)
FNDA:0,(anonymous_1)
FNDA:1,(anonymous_2)
FNDA:0,(anonymous_3)
FNDA:0,(anonymous_4)
DA:2,2
DA:3,2
DA:5,2
DA:8,1
DA:9,1
DA:10,1
DA:12,0
DA:18,0
DA:19,0
DA:20,0
DA:21,0
DA:23,0
DA:29,1
DA:30,1
DA:31,1
DA:33,0
DA:39,0
DA:40,0
DA:41,0
DA:42,0
DA:44,0
DA:50,0
DA:51,0
DA:52,0
DA:54,0
LF:25
LH:9
BRDA:20,0,0,0
BRDA:41,1,0,0
BRF:2
BRH:0
end_of_record
TN:
SF:src/controllers/auth.controller.ts
FN:7,(anonymous_10)
FN:30,(anonymous_11)
FN:58,(anonymous_12)
FN:80,(anonymous_13)
FN:92,(anonymous_14)
FNF:5
FNH:5
FNDA:12,(anonymous_10)
FNDA:3,(anonymous_11)
FNDA:9,(anonymous_12)
FNDA:2,(anonymous_13)
FNDA:1,(anonymous_14)
DA:2,2
DA:3,2
DA:4,2
DA:5,2
DA:7,2
DA:8,12
DA:9,12
DA:10,12
DA:12,11
DA:13,10
DA:14,10
DA:16,10
DA:17,10
DA:19,10
DA:26,1
DA:30,2
DA:31,3
DA:32,3
DA:33,3
DA:35,3
DA:36,3
DA:37,2
DA:39,2
DA:40,2
DA:42,1
DA:43,1
DA:45,1
DA:46,1
DA:48,1
DA:54,0
DA:58,2
DA:59,9
DA:60,9
DA:61,9
DA:62,1
DA:65,8
DA:67,3
DA:68,3
DA:70,3
DA:76,5
DA:80,2
DA:81,2
DA:82,2
DA:83,2
DA:84,1
DA:86,2
DA:88,0
DA:92,2
DA:93,1
DA:94,1
DA:95,1
DA:97,1
DA:98,1
DA:100,1
DA:102,0
LF:55
LH:52
BRDA:10,0,0,1
BRDA:26,1,0,1
BRDA:26,1,1,0
BRDA:33,2,0,0
BRDA:36,3,0,1
BRDA:37,4,0,0
BRDA:40,5,0,1
BRDA:54,6,0,0
BRDA:54,6,1,0
BRDA:61,7,0,1
BRDA:61,8,0,9
BRDA:61,8,1,8
BRDA:76,9,0,5
BRDA:76,9,1,0
BRDA:83,10,0,1
BRDA:83,11,0,2
BRDA:83,11,1,1
BRDA:88,12,0,0
BRDA:88,12,1,0
BRDA:95,13,0,0
BRDA:98,14,0,0
BRDA:102,15,0,0
BRDA:102,15,1,0
BRF:23
BRH:11
end_of_record
TN:
SF:src/controllers/bills.controller.ts
FN:7,(anonymous_0)
FN:20,(anonymous_1)
FN:30,(anonymous_2)
FN:39,(anonymous_3)
FN:49,(anonymous_4)
FN:58,(anonymous_5)
FN:68,(anonymous_6)
FNF:7
FNH:1
FNDA:1,(anonymous_0)
FNDA:0,(anonymous_1)
FNDA:0,(anonymous_2)
FNDA:0,(anonymous_3)
FNDA:0,(anonymous_4)
FNDA:0,(anonymous_5)
FNDA:0,(anonymous_6)
DA:2,2
DA:3,2
DA:5,2
DA:8,1
DA:9,1
DA:10,1
DA:14,1
DA:16,0
DA:21,0
DA:22,0
DA:23,0
DA:24,0
DA:26,0
DA:31,0
DA:32,0
DA:33,0
DA:35,0
DA:40,0
DA:41,0
DA:42,0
DA:43,0
DA:45,0
DA:50,0
DA:51,0
DA:52,0
DA:54,0
DA:59,0
DA:60,0
DA:61,0
DA:62,0
DA:64,0
DA:69,0
DA:70,0
DA:71,0
DA:72,0
DA:74,0
LF:36
LH:7
BRDA:16,0,0,0
BRDA:16,0,1,0
BRDA:23,1,0,0
BRDA:42,2,0,0
BRF:4
BRH:0
end_of_record
TN:
SF:src/controllers/bookings.controller.ts
FN:7,(anonymous_0)
FN:12,(anonymous_1)
FN:18,(anonymous_2)
FN:48,(anonymous_3)
FN:53,(anonymous_4)
FN:59,(anonymous_5)
FNF:6
FNH:0
FNDA:0,(anonymous_0)
FNDA:0,(anonymous_1)
FNDA:0,(anonymous_2)
FNDA:0,(anonymous_3)
FNDA:0,(anonymous_4)
FNDA:0,(anonymous_5)
DA:2,2
DA:4,2
DA:6,2
DA:8,0
DA:9,0
DA:13,0
DA:14,0
DA:19,0
DA:21,0
DA:23,0
DA:24,0
DA:31,0
DA:36,0
DA:37,0
DA:39,0
DA:40,0
DA:49,0
DA:50,0
DA:54,0
DA:55,0
DA:60,0
DA:61,0
DA:62,0
DA:63,0
DA:64,0
DA:66,0
DA:67,0
LF:27
LH:3
BRDA:21,0,0,0
BRDA:21,0,1,0
BRDA:23,1,0,0
BRF:3
BRH:0
end_of_record
TN:
SF:src/controllers/issues.controller.ts
FN:8,(anonymous_0)
FN:17,(anonymous_1)
FN:28,(anonymous_2)
FN:54,(anonymous_3)
FN:64,(anonymous_4)
FNF:5
FNH:0
FNDA:0,(anonymous_0)
FNDA:0,(anonymous_1)
FNDA:0,(anonymous_2)
FNDA:0,(anonymous_3)
FNDA:0,(anonymous_4)
DA:3,2
DA:5,2
DA:7,2
DA:9,0
DA:10,0
DA:11,0
DA:13,0
DA:18,0
DA:19,0
DA:20,0
DA:21,0
DA:23,0
DA:29,0
DA:31,0
DA:33,0
DA:34,0
DA:41,0
DA:46,0
DA:47,0
DA:49,0
DA:50,0
DA:55,0
DA:56,0
DA:57,0
DA:58,0
DA:60,0
DA:65,0
DA:66,0
DA:67,0
DA:69,0
LF:30
LH:3
BRDA:20,0,0,0
BRDA:31,1,0,0
BRDA:31,1,1,0
BRDA:33,2,0,0
BRDA:57,3,0,0
BRF:5
BRH:0
end_of_record
TN:
SF:src/controllers/notices.controller.ts
FN:4,(anonymous_9)
FN:28,(anonymous_10)
FN:38,(anonymous_11)
FN:48,(anonymous_12)
FN:57,(anonymous_13)
FNF:5
FNH:0
FNDA:0,(anonymous_9)
FNDA:0,(anonymous_10)
FNDA:0,(anonymous_11)
FNDA:0,(anonymous_12)
FNDA:0,(anonymous_13)
DA:2,2
DA:4,2
DA:5,0
DA:6,0
DA:8,0
DA:9,0
DA:11,0
DA:20,0
DA:22,0
DA:23,0
DA:28,2
DA:29,0
DA:30,0
DA:31,0
DA:33,0
DA:38,2
DA:39,0
DA:40,0
DA:41,0
DA:42,0
DA:44,0
DA:48,2
DA:49,0
DA:50,0
DA:51,0
DA:53,0
DA:57,2
DA:58,0
DA:59,0
DA:60,0
DA:62,0
LF:31
LH:6
BRDA:8,0,0,0
BRDA:8,1,0,0
BRDA:8,1,1,0
BRDA:8,1,2,0
BRDA:8,1,3,0
BRDA:8,1,4,0
BRDA:16,2,0,0
BRDA:16,2,1,0
BRDA:41,3,0,0
BRF:9
BRH:0
end_of_record
TN:
SF:src/controllers/technicians.controller.ts
FN:9,(anonymous_1)
FN:19,(anonymous_2)
FN:30,(anonymous_3)
FN:47,(anonymous_4)
FN:62,(anonymous_5)
FNF:5
FNH:1
FNDA:0,(anonymous_1)
FNDA:0,(anonymous_2)
FNDA:1,(anonymous_3)
FNDA:0,(anonymous_4)
FNDA:0,(anonymous_5)
DA:2,2
DA:3,2
DA:5,2
DA:7,2
DA:10,0
DA:11,0
DA:12,0
DA:14,0
DA:20,0
DA:21,0
DA:22,0
DA:23,0
DA:25,0
DA:31,1
DA:32,1
DA:33,1
DA:40,1
DA:42,0
DA:48,0
DA:49,0
DA:54,0
DA:55,0
DA:57,0
DA:63,0
DA:64,0
DA:65,0
DA:67,0
LF:27
LH:8
BRDA:22,0,0,0
BRDA:36,1,0,1
BRDA:36,1,1,0
BRDA:54,2,0,0
BRF:4
BRH:1
end_of_record
TN:
SF:src/controllers/users.controller.ts
FN:10,(anonymous_1)
FN:20,(anonymous_2)
FN:31,(anonymous_3)
FN:52,(anonymous_4)
FN:71,(anonymous_5)
FNF:5
FNH:0
FNDA:0,(anonymous_1)
FNDA:0,(anonymous_2)
FNDA:0,(anonymous_3)
FNDA:0,(anonymous_4)
FNDA:0,(anonymous_5)
DA:2,2
DA:3,2
DA:4,2
DA:7,2
DA:10,2
DA:11,0
DA:12,0
DA:13,0
DA:15,0
DA:20,2
DA:21,0
DA:22,0
DA:23,0
DA:24,0
DA:26,0
DA:31,2
DA:32,0
DA:33,0
DA:35,0
DA:36,0
DA:37,0
DA:40,0
DA:44,0
DA:45,0
DA:47,0
DA:52,2
DA:53,0
DA:55,0
DA:56,0
DA:57,0
DA:58,0
DA:59,0
DA:62,0
DA:63,0
DA:65,0
DA:66,0
DA:71,2
DA:72,0
DA:73,0
DA:75,0
DA:76,0
DA:77,0
DA:80,0
DA:82,0
DA:91,0
DA:92,0
DA:94,0
DA:100,0
DA:101,0
LF:49
LH:9
BRDA:7,0,0,2
BRDA:7,0,1,0
BRDA:23,1,0,0
BRDA:35,2,0,0
BRDA:44,3,0,0
BRDA:57,4,0,0
BRDA:76,5,0,0
BRF:7
BRH:1
end_of_record
TN:
SF:src/controllers/visitors.controller.ts
FN:7,(anonymous_0)
FN:18,(anonymous_1)
FN:28,(anonymous_2)
FN:37,(anonymous_3)
FN:47,(anonymous_4)
FN:57,(anonymous_5)
FNF:6
FNH:1
FNDA:1,(anonymous_0)
FNDA:0,(anonymous_1)
FNDA:0,(anonymous_2)
FNDA:0,(anonymous_3)
FNDA:0,(anonymous_4)
FNDA:0,(anonymous_5)
DA:2,2
DA:4,2
DA:6,2
DA:8,1
DA:9,1
DA:10,1
DA:11,1
DA:12,1
DA:14,0
DA:19,0
DA:20,0
DA:21,0
DA:22,0
DA:24,0
DA:29,0
DA:30,0
DA:31,0
DA:33,0
DA:38,0
DA:39,0
DA:40,0
DA:41,0
DA:43,0
DA:48,0
DA:49,0
DA:50,0
DA:51,0
DA:53,0
DA:58,0
DA:59,0
DA:60,0
DA:62,0
LF:32
LH:8
BRDA:10,0,0,0
BRDA:10,0,1,1
BRDA:21,1,0,0
BRDA:40,2,0,0
BRDA:50,3,0,0
BRF:5
BRH:1
end_of_record
TN:
SF:src/middlewares/auth.middleware.ts
FN:6,(anonymous_1)
FNF:1
FNH:1
FNDA:20,(anonymous_1)
DA:2,2
DA:3,2
DA:4,2
DA:6,2
DA:7,20
DA:8,20
DA:9,20
DA:11,15
DA:12,15
DA:14,14
DA:16,13
DA:17,13
DA:18,13
DA:20,12
DA:21,12
DA:23,1
LF:16
LH:16
BRDA:9,0,0,5
BRDA:12,1,0,1
BRDA:12,2,0,15
BRDA:12,2,1,14
BRDA:17,3,0,0
BRDA:18,4,0,1
BRDA:23,5,0,1
BRDA:23,5,1,0
BRF:8
BRH:6
end_of_record
TN:
SF:src/middlewares/error.middleware.ts
FN:4,(anonymous_0)
FNF:1
FNH:0
FNDA:0,(anonymous_0)
DA:4,2
DA:5,0
DA:6,0
LF:3
LH:1
BRDA:6,0,0,0
BRDA:6,0,1,0
BRDA:6,1,0,0
BRDA:6,1,1,0
BRF:4
BRH:0
end_of_record
TN:
SF:src/middlewares/role.middleware.ts
FN:9,(anonymous_0)
FN:10,(anonymous_1)
FNF:2
FNH:2
FNDA:46,(anonymous_0)
FNDA:9,(anonymous_1)
DA:2,2
DA:9,2
DA:10,46
DA:11,9
DA:12,9
DA:14,9
DA:15,6
DA:18,3
LF:8
LH:8
BRDA:12,0,0,0
BRDA:14,1,0,6
BRF:2
BRH:1
end_of_record
TN:
SF:src/models/amenities.model.ts
FNF:0
FNH:0
DA:1,2
DA:9,2
DA:13,2
LF:3
LH:3
BRF:0
BRH:0
end_of_record
TN:
SF:src/models/bills.model.ts
FN:3,(anonymous_9)
FNF:1
FNH:1
FNDA:2,(anonymous_9)
DA:1,2
DA:3,2
DA:4,2
DA:5,2
DA:6,2
DA:7,2
DA:21,2
DA:30,2
LF:8
LH:8
BRDA:3,0,0,2
BRDA:3,0,1,2
BRF:2
BRH:2
end_of_record
TN:
SF:src/models/bookings.model.ts
FNF:0
FNH:0
DA:1,2
DA:22,2
DA:33,2
LF:3
LH:3
BRF:0
BRH:0
end_of_record
TN:
SF:src/models/index.ts
FN:1,(anonymous_1)
FN:2,(anonymous_2)
FN:3,(anonymous_3)
FN:4,(anonymous_4)
FN:5,(anonymous_5)
FN:6,(anonymous_6)
FNF:6
FNH:0
FNDA:0,(anonymous_1)
FNDA:0,(anonymous_2)
FNDA:0,(anonymous_3)
FNDA:0,(anonymous_4)
FNDA:0,(anonymous_5)
FNDA:0,(anonymous_6)
DA:1,0
DA:2,0
DA:3,0
DA:4,0
DA:5,0
DA:6,0
LF:6
LH:0
BRF:0
BRH:0
end_of_record
TN:
SF:src/models/issues.model.ts
FNF:0
FNH:0
DA:1,2
DA:16,2
DA:38,2
LF:3
LH:3
BRF:0
BRH:0
end_of_record
TN:
SF:src/models/notice.model.ts
FNF:0
FNH:0
DA:1,2
DA:3,2
DA:26,2
LF:3
LH:3
BRF:0
BRH:0
end_of_record
TN:
SF:src/models/refreshToken.model.ts
FNF:0
FNH:0
DA:1,2
DA:14,2
DA:26,2
DA:28,2
LF:4
LH:4
BRF:0
BRH:0
end_of_record
TN:
SF:src/models/technicians.model.ts
FNF:0
FNH:0
DA:1,2
DA:13,2
DA:21,2
LF:3
LH:3
BRF:0
BRH:0
end_of_record
TN:
SF:src/models/user.model.ts
FNF:0
FNH:0
DA:1,2
DA:2,2
DA:16,2
DA:29,2
LF:4
LH:4
BRF:0
BRH:0
end_of_record
TN:
SF:src/models/visitors.model.ts
FNF:0
FNH:0
DA:1,2
DA:14,2
DA:26,2
LF:3
LH:3
BRF:0
BRH:0
end_of_record
TN:
SF:src/routes/amenities.routes.ts
FNF:0
FNH:0
DA:1,2
DA:2,2
DA:3,2
DA:4,2
DA:5,2
DA:7,2
DA:8,2
DA:10,2
DA:12,2
DA:13,2
DA:15,2
DA:16,2
DA:17,2
DA:19,2
LF:14
LH:14
BRF:0
BRH:0
end_of_record
TN:
SF:src/routes/auth.routes.ts
FN:8,(anonymous_10)
FNF:1
FNH:1
FNDA:24,(anonymous_10)
DA:1,2
DA:2,2
DA:3,2
DA:4,2
DA:6,2
DA:8,24
DA:10,2
DA:19,2
DA:28,2
DA:36,2
DA:37,2
DA:38,2
DA:39,2
DA:40,2
DA:42,2
LF:15
LH:15
BRF:0
BRH:0
end_of_record
TN:
SF:src/routes/bills.routes.ts
FNF:0
FNH:0
DA:1,2
DA:2,2
DA:3,2
DA:4,2
DA:5,2
DA:7,2
DA:8,2
DA:10,2
DA:12,2
DA:13,2
DA:15,2
DA:16,2
DA:18,2
DA:19,2
DA:20,2
DA:21,2
DA:23,2
LF:17
LH:17
BRF:0
BRH:0
end_of_record
TN:
SF:src/routes/bookings.routes.ts
FNF:0
FNH:0
DA:1,2
DA:2,2
DA:3,2
DA:4,2
DA:5,2
DA:7,2
DA:8,2
DA:11,2
DA:12,2
DA:13,2
DA:14,2
DA:15,2
DA:18,2
DA:25,2
LF:14
LH:14
BRF:0
BRH:0
end_of_record
TN:
SF:src/routes/index.ts
FNF:0
FNH:0
DA:1,0
DA:2,0
DA:3,0
DA:4,0
DA:5,0
DA:6,0
DA:7,0
DA:9,0
DA:10,0
DA:11,0
DA:12,0
DA:13,0
DA:14,0
DA:15,0
DA:17,0
LF:15
LH:0
BRF:0
BRH:0
end_of_record
TN:
SF:src/routes/issues.routes.ts
FNF:0
FNH:0
DA:1,2
DA:2,2
DA:3,2
DA:4,2
DA:5,2
DA:7,2
DA:8,2
DA:11,2
DA:12,2
DA:13,2
DA:14,2
DA:15,2
DA:17,2
LF:13
LH:13
BRF:0
BRH:0
end_of_record
TN:
SF:src/routes/notices.routes.ts
FNF:0
FNH:0
DA:1,2
DA:2,2
DA:3,2
DA:5,2
DA:7,2
DA:9,2
DA:10,2
DA:11,2
DA:12,2
DA:13,2
DA:14,2
DA:16,2
LF:12
LH:12
BRF:0
BRH:0
end_of_record
TN:
SF:src/routes/technicians.routes.ts
FNF:0
FNH:0
DA:1,2
DA:2,2
DA:3,2
DA:4,2
DA:5,2
DA:7,2
DA:8,2
DA:10,2
DA:12,2
DA:13,2
DA:15,2
DA:16,2
DA:17,2
DA:19,2
LF:14
LH:14
BRF:0
BRH:0
end_of_record
TN:
SF:src/routes/users.routes.ts
FN:10,(anonymous_9)
FN:27,(anonymous_10)
FNF:2
FNH:0
FNDA:0,(anonymous_9)
FNDA:0,(anonymous_10)
DA:2,2
DA:3,2
DA:4,2
DA:5,2
DA:6,2
DA:8,2
DA:10,2
DA:11,0
DA:12,0
DA:16,2
DA:24,2
DA:27,2
DA:28,0
DA:32,2
DA:35,2
DA:38,2
DA:40,2
LF:17
LH:14
BRF:0
BRH:0
end_of_record
TN:
SF:src/routes/visitors.routes.ts
FNF:0
FNH:0
DA:1,2
DA:2,2
DA:3,2
DA:4,2
DA:5,2
DA:7,2
DA:8,2
DA:10,2
DA:12,2
DA:14,2
DA:15,2
DA:16,2
DA:17,2
DA:18,2
DA:19,2
DA:21,2
LF:16
LH:16
BRF:0
BRH:0
end_of_record
TN:
SF:src/services/amenities.service.ts
FN:4,(anonymous_1)
FN:8,(anonymous_2)
FN:12,(anonymous_3)
FN:16,(anonymous_4)
FN:20,(anonymous_5)
FNF:5
FNH:2
FNDA:1,(anonymous_1)
FNDA:0,(anonymous_2)
FNDA:1,(anonymous_3)
FNDA:0,(anonymous_4)
FNDA:0,(anonymous_5)
DA:1,2
DA:3,2
DA:5,1
DA:9,0
DA:13,1
DA:17,0
DA:21,0
LF:7
LH:4
BRF:0
BRH:0
end_of_record
TN:
SF:src/services/auth.service.ts
FN:8,(anonymous_1)
FN:28,(anonymous_2)
FN:32,(anonymous_3)
FN:37,(anonymous_4)
FN:41,(anonymous_5)
FN:48,(anonymous_6)
FN:66,(anonymous_7)
FN:104,(anonymous_8)
FN:112,(anonymous_9)
FNF:9
FNH:8
FNDA:11,(anonymous_1)
FNDA:2,(anonymous_2)
FNDA:26,(anonymous_3)
FNDA:14,(anonymous_4)
FNDA:23,(anonymous_5)
FNDA:14,(anonymous_6)
FNDA:8,(anonymous_7)
FNDA:1,(anonymous_8)
FNDA:0,(anonymous_9)
DA:1,2
DA:2,2
DA:3,2
DA:4,2
DA:5,2
DA:6,2
DA:8,2
DA:9,11
DA:10,11
DA:12,10
DA:13,10
DA:15,10
DA:24,10
DA:25,10
DA:28,2
DA:29,2
DA:32,2
DA:33,26
DA:34,26
DA:37,2
DA:38,14
DA:41,23
DA:48,2
DA:52,14
DA:53,14
DA:54,14
DA:56,14
DA:63,14
DA:66,2
DA:69,8
DA:70,8
DA:72,8
DA:73,1
DA:76,7
DA:77,0
DA:80,7
DA:82,4
DA:86,4
DA:89,3
DA:90,3
DA:91,0
DA:94,3
DA:96,3
DA:97,3
DA:98,3
DA:100,3
DA:101,3
DA:104,2
DA:105,1
DA:106,1
DA:112,2
DA:113,0
LF:52
LH:49
BRDA:10,0,0,1
BRDA:20,1,0,10
BRDA:20,1,1,10
BRDA:59,2,0,14
BRDA:59,2,1,11
BRDA:72,3,0,1
BRDA:76,4,0,0
BRDA:80,5,0,4
BRDA:90,6,0,0
BRDA:90,7,0,3
BRDA:90,7,1,3
BRF:11
BRH:9
end_of_record
TN:
SF:src/services/bills.service.ts
FN:9,(anonymous_9)
FN:19,(anonymous_10)
FN:23,(anonymous_11)
FN:27,(anonymous_12)
FN:31,(anonymous_13)
FN:36,(anonymous_14)
FN:49,(anonymous_15)
FNF:7
FNH:1
FNDA:1,(anonymous_9)
FNDA:0,(anonymous_10)
FNDA:0,(anonymous_11)
FNDA:0,(anonymous_12)
FNDA:0,(anonymous_13)
FNDA:0,(anonymous_14)
FNDA:0,(anonymous_15)
DA:1,2
DA:8,2
DA:10,1
DA:11,1
DA:12,1
DA:14,1
DA:20,0
DA:24,0
DA:28,0
DA:32,0
DA:37,0
DA:38,0
DA:39,0
DA:40,0
DA:42,0
DA:43,0
DA:44,0
DA:46,0
DA:50,0
LF:19
LH:6
BRDA:11,0,0,0
BRDA:12,1,0,0
BRDA:38,2,0,0
BRDA:39,3,0,0
BRDA:40,4,0,0
BRF:5
BRH:0
end_of_record
TN:
SF:src/services/bookings.service.ts
FN:6,(anonymous_1)
FN:14,(anonymous_2)
FN:21,(anonymous_3)
FN:26,(anonymous_4)
FN:33,(anonymous_5)
FN:37,(anonymous_6)
FNF:6
FNH:0
FNDA:0,(anonymous_1)
FNDA:0,(anonymous_2)
FNDA:0,(anonymous_3)
FNDA:0,(anonymous_4)
FNDA:0,(anonymous_5)
FNDA:0,(anonymous_6)
DA:1,2
DA:2,2
DA:3,2
DA:5,2
DA:7,0
DA:15,0
DA:22,0
DA:23,0
DA:27,0
DA:34,0
DA:38,0
LF:11
LH:4
BRF:0
BRH:0
end_of_record
TN:
SF:src/services/issues.service.ts
FN:5,(anonymous_1)
FN:12,(anonymous_2)
FN:19,(anonymous_3)
FN:27,(anonymous_4)
FN:36,(anonymous_5)
FNF:5
FNH:0
FNDA:0,(anonymous_1)
FNDA:0,(anonymous_2)
FNDA:0,(anonymous_3)
FNDA:0,(anonymous_4)
FNDA:0,(anonymous_5)
DA:1,2
DA:3,2
DA:6,0
DA:13,0
DA:20,0
DA:21,0
DA:22,0
DA:23,0
DA:28,0
DA:29,0
DA:30,0
DA:31,0
DA:32,0
DA:37,0
LF:14
LH:2
BRDA:29,0,0,0
BRF:1
BRH:0
end_of_record
TN:
SF:src/services/notice.service.ts
FN:3,(anonymous_1)
FN:8,(anonymous_2)
FN:12,(anonymous_3)
FN:16,(anonymous_4)
FN:20,(anonymous_5)
FNF:5
FNH:0
FNDA:0,(anonymous_1)
FNDA:0,(anonymous_2)
FNDA:0,(anonymous_3)
FNDA:0,(anonymous_4)
FNDA:0,(anonymous_5)
DA:1,2
DA:3,2
DA:4,0
DA:5,0
DA:8,2
DA:9,0
DA:12,2
DA:13,0
DA:16,2
DA:17,0
DA:20,2
DA:21,0
LF:12
LH:6
BRF:0
BRH:0
end_of_record
TN:
SF:src/services/technicians.service.ts
FN:4,(anonymous_1)
FN:8,(anonymous_2)
FN:12,(anonymous_3)
FN:16,(anonymous_4)
FN:20,(anonymous_5)
FNF:5
FNH:0
FNDA:0,(anonymous_1)
FNDA:0,(anonymous_2)
FNDA:0,(anonymous_3)
FNDA:0,(anonymous_4)
FNDA:0,(anonymous_5)
DA:1,2
DA:3,2
DA:5,0
DA:9,0
DA:13,0
DA:17,0
DA:21,0
LF:7
LH:2
BRF:0
BRH:0
end_of_record
TN:
SF:src/services/visitors.service.ts
FN:6,(anonymous_1)
FN:11,(anonymous_2)
FN:16,(anonymous_3)
FN:22,(anonymous_4)
FN:31,(anonymous_5)
FN:36,(anonymous_6)
FNF:6
FNH:1
FNDA:1,(anonymous_1)
FNDA:0,(anonymous_2)
FNDA:0,(anonymous_3)
FNDA:0,(anonymous_4)
FNDA:0,(anonymous_5)
FNDA:0,(anonymous_6)
DA:1,2
DA:3,2
DA:7,1
DA:12,0
DA:17,0
DA:18,0
DA:23,0
DA:32,0
DA:37,0
LF:9
LH:3
BRDA:6,0,0,0
BRDA:17,1,0,0
BRF:2
BRH:0
end_of_record
TN:
SF:src/utils/enums.ts
FN:2,(anonymous_0)
FN:10,(anonymous_1)
FNF:2
FNH:2
FNDA:2,(anonymous_0)
FNDA:2,(anonymous_1)
DA:2,2
DA:3,2
DA:4,2
DA:5,2
DA:6,2
DA:7,2
DA:10,2
DA:11,2
DA:12,2
DA:13,2
LF:10
LH:10
BRDA:2,0,0,2
BRDA:2,0,1,2
BRDA:10,1,0,2
BRDA:10,1,1,2
BRF:4
BRH:4
end_of_record
TN:
SF:src/utils/responses.ts
FN:4,(anonymous_0)
FN:7,(anonymous_1)
FNF:2
FNH:2
FNDA:17,(anonymous_0)
FNDA:24,(anonymous_1)
DA:4,2
DA:5,17
DA:7,2
DA:8,24
LF:4
LH:4
BRDA:4,0,0,0
BRDA:4,1,0,7
BRDA:7,2,0,0
BRDA:7,3,0,0
BRDA:7,4,0,24
BRF:5
BRH:2
end_of_record
TN:
SF:src/utils/validator.ts
FNF:0
FNH:0
DA:2,2
DA:3,2
DA:5,2
DA:14,2
DA:19,2
LF:5
LH:5
BRF:0
BRH:0
end_of_record
